{
  "0 debug pnpm:scope": {
    "selected": 1
  },
  "1 info pnpm": {
    "err": {
      "name": "Error",
      "message": "not found: pixi",
      "code": "ENOENT",
      "stack": "Error: not found: pixi\n    at getNotFoundError (C:\\Users\\Killa\\AppData\\Roaming\\npm\\node_modules\\pnpm\\dist\\pnpm.cjs:41714:51)\n    at Function.whichSync [as sync] (C:\\Users\\Killa\\AppData\\Roaming\\npm\\node_modules\\pnpm\\dist\\pnpm.cjs:41791:13)\n    at getCommandAbsolutePathSync (C:\\Users\\Killa\\AppData\\Roaming\\npm\\node_modules\\pnpm\\dist\\pnpm.cjs:43356:44)\n    at default_1 (C:\\Users\\Killa\\AppData\\Roaming\\npm\\node_modules\\pnpm\\dist\\pnpm.cjs:43365:32)\n    at C:\\Users\\Killa\\AppData\\Roaming\\npm\\node_modules\\pnpm\\dist\\pnpm.cjs:178485:39"
    }
  },
  "2 error pnpm": {
    "code": "ERR_PNPM_RECURSIVE_EXEC_FIRST_FAIL",
    "prefix": "C:\\Users\\Killa\\Documents\\GitHub\\sturdy-potato",
    "err": {
      "name": "pnpm",
      "message": "not found: pixi",
      "code": "ERR_PNPM_RECURSIVE_EXEC_FIRST_FAIL",
      "stack": "Error: not found: pixi\n    at getNotFoundError (C:\\Users\\Killa\\AppData\\Roaming\\npm\\node_modules\\pnpm\\dist\\pnpm.cjs:41714:51)\n    at Function.whichSync [as sync] (C:\\Users\\Killa\\AppData\\Roaming\\npm\\node_modules\\pnpm\\dist\\pnpm.cjs:41791:13)\n    at getCommandAbsolutePathSync (C:\\Users\\Killa\\AppData\\Roaming\\npm\\node_modules\\pnpm\\dist\\pnpm.cjs:43356:44)\n    at default_1 (C:\\Users\\Killa\\AppData\\Roaming\\npm\\node_modules\\pnpm\\dist\\pnpm.cjs:43365:32)\n    at C:\\Users\\Killa\\AppData\\Roaming\\npm\\node_modules\\pnpm\\dist\\pnpm.cjs:178485:39"
    }
  }
}